flag provided but not defined: -log
INFO [01-29|17:19:07] Starting peer-to-peer node               instance=Geth/v1.7.2-stable/linux-amd64/go1.8.6
INFO [01-29|17:19:07] Allocated cache and file handles         database=/home/james/.ethereum/geth/chaindata cache=128 handles=1024
INFO [01-29|17:19:07] Initialised chain configuration          config="{ChainID: 99 Homestead: 0 DAO: 0 DAOSupport: true EIP150: 0 EIP155: 0 EIP158: 0 Byzantium: 0 Engine: ethash}"
INFO [01-29|17:19:07] Disk storage enabled for ethash caches   dir=/home/james/.ethereum/geth/ethash count=3
INFO [01-29|17:19:07] Disk storage enabled for ethash DAGs     dir=/home/james/.ethash               count=2
INFO [01-29|17:19:07] Initialising Ethereum protocol           versions="[63 62]" network=1
INFO [01-29|17:19:07] Loaded most recent local header          number=0 hash=d4e567…cb8fa3 td=17179869184
INFO [01-29|17:19:07] Loaded most recent local full block      number=0 hash=d4e567…cb8fa3 td=17179869184
INFO [01-29|17:19:07] Loaded most recent local fast block      number=0 hash=d4e567…cb8fa3 td=17179869184
INFO [01-29|17:19:07] Loaded local transaction journal         transactions=0 dropped=0
INFO [01-29|17:19:07] Regenerated local transaction journal    transactions=0 accounts=0
INFO [01-29|17:19:07] Starting P2P networking 
INFO [01-29|17:19:09] UDP listener up                          self=enode://8f55d15d0dbd3fe9be07b242e387bcd99f2c0173e6edf3edbb590a9223a32746b164e40a9ef68299f0d11737fabb096907f04d206a3910f23033004044a54b1e@[::]:30303
INFO [01-29|17:19:09] RLPx listener up                         self=enode://8f55d15d0dbd3fe9be07b242e387bcd99f2c0173e6edf3edbb590a9223a32746b164e40a9ef68299f0d11737fabb096907f04d206a3910f23033004044a54b1e@[::]:30303
INFO [01-29|17:19:09] IPC endpoint opened: /home/james/.ethereum/geth.ipc 
INFO [01-29|17:19:22] Updated mining threads                   threads=0
INFO [01-29|17:19:22] Transaction pool price threshold updated price=18000000000
INFO [01-29|17:19:22] Starting mining operation 
INFO [01-29|17:19:22] Commit new mining work                   number=1 txs=0 uncles=0 elapsed=643.885µs
INFO [01-29|17:19:24] Generating DAG in progress               epoch=0 percentage=0 elapsed=1.153s
INFO [01-29|17:19:25] Generating DAG in progress               epoch=0 percentage=1 elapsed=2.308s
INFO [01-29|17:19:27] Generating DAG in progress               epoch=0 percentage=2 elapsed=3.464s
INFO [01-29|17:19:28] Generating DAG in progress               epoch=0 percentage=3 elapsed=4.617s
INFO [01-29|17:19:29] Generating DAG in progress               epoch=0 percentage=4 elapsed=5.770s
INFO [01-29|17:19:30] Generating DAG in progress               epoch=0 percentage=5 elapsed=6.922s
INFO [01-29|17:19:31] Generating DAG in progress               epoch=0 percentage=6 elapsed=8.076s
INFO [01-29|17:19:32] Generating DAG in progress               epoch=0 percentage=7 elapsed=9.230s
INFO [01-29|17:19:34] Generating DAG in progress               epoch=0 percentage=8 elapsed=10.393s
INFO [01-29|17:19:35] Generating DAG in progress               epoch=0 percentage=9 elapsed=11.545s
INFO [01-29|17:19:36] Generating DAG in progress               epoch=0 percentage=10 elapsed=12.695s
INFO [01-29|17:19:37] Generating DAG in progress               epoch=0 percentage=11 elapsed=13.843s
INFO [01-29|17:19:38] Generating DAG in progress               epoch=0 percentage=12 elapsed=14.994s
INFO [01-29|17:19:39] Generating DAG in progress               epoch=0 percentage=13 elapsed=16.146s
INFO [01-29|17:19:40] Generating DAG in progress               epoch=0 percentage=14 elapsed=17.296s
INFO [01-29|17:19:42] Generating DAG in progress               epoch=0 percentage=15 elapsed=18.449s
INFO [01-29|17:19:43] Generating DAG in progress               epoch=0 percentage=16 elapsed=19.599s
INFO [01-29|17:19:44] Generating DAG in progress               epoch=0 percentage=17 elapsed=20.774s
INFO [01-29|17:19:45] Generating DAG in progress               epoch=0 percentage=18 elapsed=21.955s
INFO [01-29|17:19:46] Generating DAG in progress               epoch=0 percentage=19 elapsed=23.120s
INFO [01-29|17:19:48] Generating DAG in progress               epoch=0 percentage=20 elapsed=24.758s
INFO [01-29|17:19:49] Generating DAG in progress               epoch=0 percentage=21 elapsed=25.914s
INFO [01-29|17:19:50] Generating DAG in progress               epoch=0 percentage=22 elapsed=27.068s
INFO [01-29|17:19:51] Generating DAG in progress               epoch=0 percentage=23 elapsed=28.223s
INFO [01-29|17:19:53] Generating DAG in progress               epoch=0 percentage=24 elapsed=29.923s
INFO [01-29|17:19:54] Generating DAG in progress               epoch=0 percentage=25 elapsed=31.094s
INFO [01-29|17:19:55] Generating DAG in progress               epoch=0 percentage=26 elapsed=32.274s
INFO [01-29|17:19:57] Generating DAG in progress               epoch=0 percentage=27 elapsed=33.462s
INFO [01-29|17:19:58] Generating DAG in progress               epoch=0 percentage=28 elapsed=34.648s
INFO [01-29|17:19:59] Generating DAG in progress               epoch=0 percentage=29 elapsed=35.804s
INFO [01-29|17:20:00] Generating DAG in progress               epoch=0 percentage=30 elapsed=36.960s
INFO [01-29|17:20:01] Generating DAG in progress               epoch=0 percentage=31 elapsed=38.119s
INFO [01-29|17:20:02] Generating DAG in progress               epoch=0 percentage=32 elapsed=39.308s
INFO [01-29|17:20:04] Generating DAG in progress               epoch=0 percentage=33 elapsed=40.497s
INFO [01-29|17:20:05] Updated mining threads                   threads=0
INFO [01-29|17:20:05] Transaction pool price threshold updated price=18000000000
INFO [01-29|17:20:05] Generating DAG in progress               epoch=0 percentage=34 elapsed=41.669s
INFO [01-29|17:20:05] Starting mining operation 
INFO [01-29|17:20:05] Commit new mining work                   number=1 txs=0 uncles=0 elapsed=192.733µs
INFO [01-29|17:20:06] Generating DAG in progress               epoch=0 percentage=35 elapsed=42.832s
INFO [01-29|17:20:07] Generating DAG in progress               epoch=0 percentage=36 elapsed=43.986s
INFO [01-29|17:20:08] Generating DAG in progress               epoch=0 percentage=37 elapsed=45.141s
INFO [01-29|17:20:09] Generating DAG in progress               epoch=0 percentage=38 elapsed=46.296s
INFO [01-29|17:20:11] Generating DAG in progress               epoch=0 percentage=39 elapsed=47.446s
INFO [01-29|17:20:12] Generating DAG in progress               epoch=0 percentage=40 elapsed=48.602s
INFO [01-29|17:20:13] Generating DAG in progress               epoch=0 percentage=41 elapsed=49.757s
INFO [01-29|17:20:14] Generating DAG in progress               epoch=0 percentage=42 elapsed=50.907s
INFO [01-29|17:20:15] Generating DAG in progress               epoch=0 percentage=43 elapsed=52.062s
INFO [01-29|17:20:16] Generating DAG in progress               epoch=0 percentage=44 elapsed=53.215s
INFO [01-29|17:20:18] Generating DAG in progress               epoch=0 percentage=45 elapsed=54.847s
INFO [01-29|17:20:19] Generating DAG in progress               epoch=0 percentage=46 elapsed=56.000s
INFO [01-29|17:20:20] Generating DAG in progress               epoch=0 percentage=47 elapsed=57.153s
INFO [01-29|17:20:21] Generating DAG in progress               epoch=0 percentage=48 elapsed=58.305s
INFO [01-29|17:20:23] Generating DAG in progress               epoch=0 percentage=49 elapsed=59.515s
INFO [01-29|17:20:24] Generating DAG in progress               epoch=0 percentage=50 elapsed=1m1.221s
INFO [01-29|17:20:25] Generating DAG in progress               epoch=0 percentage=51 elapsed=1m2.375s
INFO [01-29|17:20:27] Generating DAG in progress               epoch=0 percentage=52 elapsed=1m3.524s
INFO [01-29|17:20:28] Generating DAG in progress               epoch=0 percentage=53 elapsed=1m4.676s
INFO [01-29|17:20:29] Generating DAG in progress               epoch=0 percentage=54 elapsed=1m5.829s
INFO [01-29|17:20:30] Generating DAG in progress               epoch=0 percentage=55 elapsed=1m6.982s
INFO [01-29|17:20:31] Generating DAG in progress               epoch=0 percentage=56 elapsed=1m8.135s
INFO [01-29|17:20:32] Generating DAG in progress               epoch=0 percentage=57 elapsed=1m9.288s
INFO [01-29|17:20:34] Generating DAG in progress               epoch=0 percentage=58 elapsed=1m10.448s
INFO [01-29|17:20:35] Generating DAG in progress               epoch=0 percentage=59 elapsed=1m11.601s
INFO [01-29|17:20:36] Generating DAG in progress               epoch=0 percentage=60 elapsed=1m12.755s
INFO [01-29|17:20:37] Generating DAG in progress               epoch=0 percentage=61 elapsed=1m13.908s
INFO [01-29|17:20:38] Generating DAG in progress               epoch=0 percentage=62 elapsed=1m15.062s
INFO [01-29|17:20:39] Generating DAG in progress               epoch=0 percentage=63 elapsed=1m16.214s
INFO [01-29|17:20:40] Generating DAG in progress               epoch=0 percentage=64 elapsed=1m17.367s
INFO [01-29|17:20:42] Generating DAG in progress               epoch=0 percentage=65 elapsed=1m18.520s
INFO [01-29|17:20:43] Generating DAG in progress               epoch=0 percentage=66 elapsed=1m19.669s
INFO [01-29|17:20:44] Generating DAG in progress               epoch=0 percentage=67 elapsed=1m20.821s
INFO [01-29|17:20:45] Generating DAG in progress               epoch=0 percentage=68 elapsed=1m21.974s
INFO [01-29|17:20:46] Generating DAG in progress               epoch=0 percentage=69 elapsed=1m23.125s
INFO [01-29|17:20:47] Generating DAG in progress               epoch=0 percentage=70 elapsed=1m24.278s
INFO [01-29|17:20:49] Generating DAG in progress               epoch=0 percentage=71 elapsed=1m25.476s
INFO [01-29|17:20:50] Generating DAG in progress               epoch=0 percentage=72 elapsed=1m26.630s
INFO [01-29|17:20:51] Generating DAG in progress               epoch=0 percentage=73 elapsed=1m27.783s
INFO [01-29|17:20:52] Generating DAG in progress               epoch=0 percentage=74 elapsed=1m28.932s
INFO [01-29|17:20:54] Generating DAG in progress               epoch=0 percentage=75 elapsed=1m30.646s
INFO [01-29|17:20:55] Generating DAG in progress               epoch=0 percentage=76 elapsed=1m31.807s
INFO [01-29|17:20:56] Generating DAG in progress               epoch=0 percentage=77 elapsed=1m32.961s
INFO [01-29|17:20:57] Generating DAG in progress               epoch=0 percentage=78 elapsed=1m34.113s
INFO [01-29|17:20:58] Generating DAG in progress               epoch=0 percentage=79 elapsed=1m35.263s
INFO [01-29|17:21:00] Generating DAG in progress               epoch=0 percentage=80 elapsed=1m36.415s
INFO [01-29|17:21:01] Generating DAG in progress               epoch=0 percentage=81 elapsed=1m37.570s
INFO [01-29|17:21:02] Generating DAG in progress               epoch=0 percentage=82 elapsed=1m38.722s
INFO [01-29|17:21:03] Generating DAG in progress               epoch=0 percentage=83 elapsed=1m39.875s
INFO [01-29|17:21:04] Generating DAG in progress               epoch=0 percentage=84 elapsed=1m41.028s
INFO [01-29|17:21:05] Generating DAG in progress               epoch=0 percentage=85 elapsed=1m42.181s
INFO [01-29|17:21:06] Generating DAG in progress               epoch=0 percentage=86 elapsed=1m43.333s
INFO [01-29|17:21:08] Generating DAG in progress               epoch=0 percentage=87 elapsed=1m44.486s
INFO [01-29|17:21:09] Generating DAG in progress               epoch=0 percentage=88 elapsed=1m45.637s
INFO [01-29|17:21:10] Generating DAG in progress               epoch=0 percentage=89 elapsed=1m46.791s
INFO [01-29|17:21:11] Generating DAG in progress               epoch=0 percentage=90 elapsed=1m47.945s
INFO [01-29|17:21:12] Generating DAG in progress               epoch=0 percentage=91 elapsed=1m49.099s
INFO [01-29|17:21:13] Generating DAG in progress               epoch=0 percentage=92 elapsed=1m50.252s
INFO [01-29|17:21:15] Generating DAG in progress               epoch=0 percentage=93 elapsed=1m51.400s
INFO [01-29|17:21:16] Generating DAG in progress               epoch=0 percentage=94 elapsed=1m52.587s
INFO [01-29|17:21:17] Generating DAG in progress               epoch=0 percentage=95 elapsed=1m53.744s
INFO [01-29|17:21:18] Generating DAG in progress               epoch=0 percentage=96 elapsed=1m54.919s
INFO [01-29|17:21:19] Generating DAG in progress               epoch=0 percentage=97 elapsed=1m56.072s
INFO [01-29|17:21:20] Generating DAG in progress               epoch=0 percentage=98 elapsed=1m57.225s
INFO [01-29|17:21:22] Generating DAG in progress               epoch=0 percentage=99 elapsed=1m58.410s
INFO [01-29|17:21:22] Generated ethash verification cache      epoch=0 elapsed=1m58.412s
INFO [01-29|17:21:25] Generating DAG in progress               epoch=1 percentage=0  elapsed=2.565s
INFO [01-29|17:21:28] Generating DAG in progress               epoch=1 percentage=1  elapsed=5.109s
INFO [01-29|17:21:30] Generating DAG in progress               epoch=1 percentage=2  elapsed=7.654s
INFO [01-29|17:21:33] Generating DAG in progress               epoch=1 percentage=3  elapsed=10.171s
INFO [01-29|17:21:35] Generating DAG in progress               epoch=1 percentage=4  elapsed=12.681s
INFO [01-29|17:21:38] Generating DAG in progress               epoch=1 percentage=5  elapsed=15.238s
INFO [01-29|17:21:40] Generating DAG in progress               epoch=1 percentage=6  elapsed=17.755s
INFO [01-29|17:21:43] Generating DAG in progress               epoch=1 percentage=7  elapsed=20.293s
INFO [01-29|17:21:45] IPC endpoint closed: /home/james/.ethereum/geth.ipc 
INFO [01-29|17:21:45] Blockchain manager stopped 
INFO [01-29|17:21:45] Stopping Ethereum protocol 
INFO [01-29|17:21:45] Ethereum protocol stopped 
INFO [01-29|17:21:45] Transaction pool stopped 
INFO [01-29|17:21:45] Database closed                          database=/home/james/.ethereum/geth/chaindata
WARN [01-29|17:50:50] No etherbase set and no accounts found as default 
INFO [01-29|17:50:50] Starting peer-to-peer node               instance=Geth/v1.7.2-stable/linux-amd64/go1.8.6
INFO [01-29|17:50:50] Allocated cache and file handles         database=/home/james/.ethereum/geth/chaindata cache=128 handles=1024
INFO [01-29|17:50:50] Initialised chain configuration          config="{ChainID: 99 Homestead: 0 DAO: 0 DAOSupport: true EIP150: 0 EIP155: 0 EIP158: 0 Byzantium: 0 Engine: ethash}"
INFO [01-29|17:50:50] Disk storage enabled for ethash caches   dir=/home/james/.ethereum/geth/ethash count=3
INFO [01-29|17:50:50] Disk storage enabled for ethash DAGs     dir=/home/james/.ethash               count=2
INFO [01-29|17:50:50] Initialising Ethereum protocol           versions="[63 62]" network=1
INFO [01-29|17:50:50] Loaded most recent local header          number=0 hash=d4e567…cb8fa3 td=17179869184
INFO [01-29|17:50:50] Loaded most recent local full block      number=0 hash=d4e567…cb8fa3 td=17179869184
INFO [01-29|17:50:50] Loaded most recent local fast block      number=0 hash=d4e567…cb8fa3 td=17179869184
INFO [01-29|17:50:50] Regenerated local transaction journal    transactions=0 accounts=0
INFO [01-29|17:50:50] Starting P2P networking 
INFO [01-29|17:50:53] UDP listener up                          self=enode://e0ca2e590a37bc167dd816928bd683602fece6f526b5675c03971fd268d23944795853555a7b554c8b1e96213c33af3ee2bbfabe6be514dbeafd291b94ae315f@[::]:30303
INFO [01-29|17:50:53] RLPx listener up                         self=enode://e0ca2e590a37bc167dd816928bd683602fece6f526b5675c03971fd268d23944795853555a7b554c8b1e96213c33af3ee2bbfabe6be514dbeafd291b94ae315f@[::]:30303
INFO [01-29|17:50:53] IPC endpoint opened: /home/james/.ethereum/geth.ipc 
INFO [01-29|17:52:35] IPC endpoint closed: /home/james/.ethereum/geth.ipc 
INFO [01-29|17:52:35] Blockchain manager stopped 
INFO [01-29|17:52:35] Stopping Ethereum protocol 
INFO [01-29|17:52:35] Ethereum protocol stopped 
INFO [01-29|17:52:35] Transaction pool stopped 
INFO [01-29|17:52:35] Database closed                          database=/home/james/.ethereum/geth/chaindata
WARN [01-29|18:04:40] No etherbase set and no accounts found as default 
INFO [01-29|18:04:40] Starting peer-to-peer node               instance=Geth/v1.7.2-stable/linux-amd64/go1.8.6
INFO [01-29|18:04:40] Allocated cache and file handles         database=/home/james/.ethereum/geth/chaindata cache=128 handles=1024
INFO [01-29|18:04:40] Initialised chain configuration          config="{ChainID: 99 Homestead: 0 DAO: 0 DAOSupport: true EIP150: 0 EIP155: 0 EIP158: 0 Byzantium: 0 Engine: ethash}"
INFO [01-29|18:04:40] Disk storage enabled for ethash caches   dir=/home/james/.ethereum/geth/ethash count=3
INFO [01-29|18:04:40] Disk storage enabled for ethash DAGs     dir=/home/james/.ethash               count=2
INFO [01-29|18:04:40] Initialising Ethereum protocol           versions="[63 62]" network=1
Fatal: Error starting protocol stack: Genesis not found in chain
WARN [01-29|18:25:19] No etherbase set and no accounts found as default 
INFO [01-29|18:25:19] Starting peer-to-peer node               instance=Geth/v1.7.2-stable/linux-amd64/go1.8.6
INFO [01-29|18:25:19] Allocated cache and file handles         database=/home/james/.ethereum/geth/chaindata cache=128 handles=1024
INFO [01-29|18:25:19] Writing default main-net genesis block 
INFO [01-29|18:25:20] Initialised chain configuration          config="{ChainID: 99 Homestead: 0 DAO: 0 DAOSupport: true EIP150: 0 EIP155: 0 EIP158: 0 Byzantium: 0 Engine: ethash}"
INFO [01-29|18:25:20] Disk storage enabled for ethash caches   dir=/home/james/.ethereum/geth/ethash count=3
INFO [01-29|18:25:20] Disk storage enabled for ethash DAGs     dir=/home/james/.ethash               count=2
INFO [01-29|18:25:20] Initialising Ethereum protocol           versions="[63 62]" network=1
INFO [01-29|18:25:20] Loaded most recent local header          number=0 hash=f75d4c…52f47e td=200
INFO [01-29|18:25:20] Loaded most recent local full block      number=0 hash=f75d4c…52f47e td=200
INFO [01-29|18:25:20] Loaded most recent local fast block      number=0 hash=f75d4c…52f47e td=200
INFO [01-29|18:25:20] Regenerated local transaction journal    transactions=0 accounts=0
INFO [01-29|18:25:20] Starting P2P networking 
INFO [01-29|18:25:22] UDP listener up                          self=enode://73079910537964f3e0492e04c79148620beae3071f160b2000d6fc92d7731ff7297710279a266a7cc19e027d7653ada36f87d87f250fc053557303c98176e01e@[::]:30303
INFO [01-29|18:25:22] RLPx listener up                         self=enode://73079910537964f3e0492e04c79148620beae3071f160b2000d6fc92d7731ff7297710279a266a7cc19e027d7653ada36f87d87f250fc053557303c98176e01e@[::]:30303
INFO [01-29|18:25:22] IPC endpoint opened: /home/james/.ethereum/geth.ipc 
INFO [01-29|18:32:24] IPC endpoint closed: /home/james/.ethereum/geth.ipc 
INFO [01-29|18:32:24] Blockchain manager stopped 
INFO [01-29|18:32:24] Stopping Ethereum protocol 
INFO [01-29|18:32:24] Ethereum protocol stopped 
INFO [01-29|18:32:24] Transaction pool stopped 
INFO [01-29|18:32:24] Database closed                          database=/home/james/.ethereum/geth/chaindata
